/usr/lib/python2.7/dist-packages/bs4/__init__.py:181: UserWarning: No parser was explicitly specified, so I'm using the best available HTML parser for this system ("lxml"). This usually isn't a problem, but if you run this code on another system, or in a different virtual environment, it may use a different parser and behave differently.

The code that caused this warning is on line 83 of the file ./key_sensor.py. To get rid of this warning, change code that looks like this:

 BeautifulSoup([your markup])

to this:

 BeautifulSoup([your markup], "lxml")

  markup_type=markup_type))
Waiting for sensor to settle
Checking for right key
Key available
Waiting for sensor to settle
Checking for left key
Key available
Waiting for sensor to settle
Checking for right key
Key available
Waiting for sensor to settle
Checking for left key
Key available
Waiting for sensor to settle
Checking for right key
Key available
Waiting for sensor to settle
Checking for left key
Key available
Waiting for sensor to settle
Checking for right key
Key available
Waiting for sensor to settle
Checking for left key
Key available
Waiting for sensor to settle
Checking for right key
Key available
Waiting for sensor to settle
Checking for left key
Key available
Waiting for sensor to settle
Checking for right key
Key available
Waiting for sensor to settle
Checking for left key
Key available
Waiting for sensor to settle
Checking for right key
Key available
Waiting for sensor to settle
Checking for left key
Key available
Waiting for sensor to settle
Checking for right key
Key available
Waiting for sensor to settle
Checking for left key
Key available
Waiting for sensor to settle
Checking for right key
Key available
Waiting for sensor to settle
Checking for left key
Key available
Waiting for sensor to settle
Checking for right key
Key available
Waiting for sensor to settle
Checking for left key
Key available
Waiting for sensor to settle
Checking for right key
Key available
Waiting for sensor to settle
Checking for left key
Key available
Waiting for sensor to settle
Checking for right key
Key available
Waiting for sensor to settle
Checking for left key
Key available
Waiting for sensor to settle
Checking for right key
Key available
Waiting for sensor to settle
Checking for left key
Key available
Waiting for sensor to settle
Checking for right key
Key available
Waiting for sensor to settle
Checking for left key
Key available
Waiting for sensor to settle
Checking for right key
Key available
Waiting for sensor to settle
Checking for left key
Key available
Waiting for sensor to settle
Checking for right key
Key available
Waiting for sensor to settle
Checking for left key
Key available
Waiting for sensor to settle
Checking for right key
Key available
Waiting for sensor to settle
Checking for left key
Key available
Waiting for sensor to settle
Checking for right key
Key available
Waiting for sensor to settle
Checking for left key
Key available
Waiting for sensor to settle
Checking for right key
Key available
Waiting for sensor to settle
Checking for left key
Key available
Waiting for sensor to settle
Checking for right key
Key available
Waiting for sensor to settle
Checking for left key
Key available
Waiting for sensor to settle
Checking for right key
Key available
Waiting for sensor to settle
Checking for left key
Key available
Waiting for sensor to settle
Checking for right key
Key available
Waiting for sensor to settle
Checking for left key
Key available
Waiting for sensor to settle
Checking for right key
Key available
Waiting for sensor to settle
Checking for left key
Key available
Waiting for sensor to settle
Checking for right key
Key available
Waiting for sensor to settle
Checking for left key
Key available
Waiting for sensor to settle
Checking for right key
Key available
Waiting for sensor to settle
Checking for left key
Key available
Waiting for sensor to settle
Checking for right key
Key available
Waiting for sensor to settle
Checking for left key
Key available
Waiting for sensor to settle
Checking for right key
Key available
Waiting for sensor to settle
Checking for left key
Key available
Waiting for sensor to settle
Checking for right key
Key available
Waiting for sensor to settle
Checking for left key
Key available
Waiting for sensor to settle
Checking for right key
Key available
Waiting for sensor to settle
Checking for left key
Key available
Waiting for sensor to settle
Checking for right key
Key available
Waiting for sensor to settle
Checking for left key
Key available
Waiting for sensor to settle
Checking for right key
Key available
Waiting for sensor to settle
Checking for left key
Key available
Waiting for sensor to settle
Checking for right key
Key available
Waiting for sensor to settle
Checking for left key
Key available
Waiting for sensor to settle
Checking for right key
Key available
Waiting for sensor to settle
Checking for left key
Key available
Waiting for sensor to settle
Checking for right key
Key available
Waiting for sensor to settle
Checking for left key
Key available
Waiting for sensor to settle
Checking for right key
Key available
Waiting for sensor to settle
Checking for left key
Key available
Waiting for sensor to settle
Checking for right key
Key available
Waiting for sensor to settle
Checking for left key
Key available
Waiting for sensor to settle
Checking for right key
Key available
Waiting for sensor to settle
Checking for left key
Key available
Waiting for sensor to settle
Checking for right key
Key available
Waiting for sensor to settle
Checking for left key
Key available
Waiting for sensor to settle
Checking for right key
Key available
Waiting for sensor to settle
Checking for left key
Key available
Waiting for sensor to settle
Checking for right key
Key available
Waiting for sensor to settle
Checking for left key
Key available
Waiting for sensor to settle
Checking for right key
Key available
Waiting for sensor to settle
Checking for left key
Key available
Waiting for sensor to settle
Checking for right key
Key available
Waiting for sensor to settle
Checking for left key
Key available
Waiting for sensor to settle
Checking for right key
Key available
Waiting for sensor to settle
Checking for left key
Key available
Waiting for sensor to settle
Checking for right key
Key available
Waiting for sensor to settle
Checking for left key
Key available
Waiting for sensor to settle
Checking for right key
Key available
Waiting for sensor to settle
Checking for left key
Key available
Waiting for sensor to settle
Checking for right key
Key available
Waiting for sensor to settle
Checking for left key
Key available
Waiting for sensor to settle
Checking for right key
Key available
Waiting for sensor to settle
Checking for left key
Key available
Waiting for sensor to settle
Checking for right key
Key available
Waiting for sensor to settle
Checking for left key
Key available
Waiting for sensor to settle
Checking for right key
Key available
Waiting for sensor to settle
Checking for left key
Key available
Waiting for sensor to settle
Checking for right key
Key available
Waiting for sensor to settle
Checking for left key
Key available
Waiting for sensor to settle
Checking for right key
Key available
Waiting for sensor to settle
Checking for left key
Key available
Waiting for sensor to settle
Checking for right key
Key available
Waiting for sensor to settle
Checking for left key
Key available
Waiting for sensor to settle
Checking for right key
Key available
Waiting for sensor to settle
Checking for left key
Key available
Waiting for sensor to settle
Checking for right key
Key available
Waiting for sensor to settle
Checking for left key
Key available
Waiting for sensor to settle
Checking for right key
Key available
Waiting for sensor to settle
Checking for left key
Key available
Waiting for sensor to settle
Checking for right key
Key available
Waiting for sensor to settle
Checking for left key
Key available
Waiting for sensor to settle
Checking for right key
Key available
Waiting for sensor to settle
Checking for left key
Key available
Waiting for sensor to settle
Checking for right key
Key available
Waiting for sensor to settle
Checking for left key
Key available
Waiting for sensor to settle
Checking for right key
Key available
Waiting for sensor to settle
Checking for left key
Key available
Waiting for sensor to settle
Checking for right key
Key available
Waiting for sensor to settle
Checking for left key
Key available
Waiting for sensor to settle
Checking for right key
Key available
Waiting for sensor to settle
Checking for left key
Key available
Waiting for sensor to settle
Checking for right key
Key available
Waiting for sensor to settle
Checking for left key
Key available
Waiting for sensor to settle
Checking for right key
Key available
Waiting for sensor to settle
Checking for left key
Key available
Waiting for sensor to settle
Checking for right key
Key available
Waiting for sensor to settle
Checking for left key
Key available
Waiting for sensor to settle
Checking for right key
Key available
Waiting for sensor to settle
Checking for left key
Key available
Waiting for sensor to settle
Checking for right key
Key available
Waiting for sensor to settle
Checking for left key
Key available
Waiting for sensor to settle
Checking for right key
Key available
Waiting for sensor to settle
Checking for left key
Key available
Waiting for sensor to settle
Checking for right key
Key available
Waiting for sensor to settle
Checking for left key
Key available
Waiting for sensor to settle
Checking for right key
Key available
Waiting for sensor to settle
Checking for left key
Key available
Waiting for sensor to settle
Checking for right key
Key available
Waiting for sensor to settle
Checking for left key
Key available
Waiting for sensor to settle
Checking for right key
Key available
Waiting for sensor to settle
Checking for left key
Key available
Waiting for sensor to settle
Checking for right key
Key available
Waiting for sensor to settle
Checking for left key
Key available
Waiting for sensor to settle
Checking for right key
Key available
Waiting for sensor to settle
Checking for left key
Key available
Waiting for sensor to settle
Checking for right key
Key available
Waiting for sensor to settle
Checking for left key
Key available
Waiting for sensor to settle
Checking for right key
Key available
Waiting for sensor to settle
Checking for left key
Key available
Waiting for sensor to settle
Checking for right key
Key available
Waiting for sensor to settle
Checking for left key
Key available
Waiting for sensor to settle
Checking for right key
Key available
Waiting for sensor to settle
Checking for left key
Key available
Waiting for sensor to settle
Checking for right key
Key available
Waiting for sensor to settle
Checking for left key
Key available
Waiting for sensor to settle
Checking for right key
Key available
Waiting for sensor to settle
Checking for left key
Key available
Waiting for sensor to settle
Checking for right key
Key available
Waiting for sensor to settle
Checking for left key
Key available
Waiting for sensor to settle
Checking for right key
Key available
Waiting for sensor to settle
Checking for left key
Key available
Waiting for sensor to settle
Checking for right key
Key available
Waiting for sensor to settle
Checking for left key
Key available
Waiting for sensor to settle
Checking for right key
Key available
Waiting for sensor to settle
Checking for left key
Key available
Waiting for sensor to settle
Checking for right key
Key available
Waiting for sensor to settle
Checking for left key
Key available
Waiting for sensor to settle
Checking for right key
Key available
Waiting for sensor to settle
Checking for left key
Key available
Waiting for sensor to settle
Checking for right key
Key available
Waiting for sensor to settle
Checking for left key
Key available
Waiting for sensor to settle
Checking for right key
Key available
Waiting for sensor to settle
Checking for left key
Key available
Waiting for sensor to settle
Checking for right key
Key available
Waiting for sensor to settle
Checking for left key
Key available
Waiting for sensor to settle
Checking for right key
Key available
Waiting for sensor to settle
Checking for left key
Key available
Waiting for sensor to settle
Checking for right key
Key available
Waiting for sensor to settle
Checking for left key
Key available
Waiting for sensor to settle
Checking for right key
Key available
Waiting for sensor to settle
Checking for left key
Key available
Waiting for sensor to settle
Checking for right key
Key available
Waiting for sensor to settle
Checking for left key
Key available
Waiting for sensor to settle
Checking for right key
Key available
Waiting for sensor to settle
Checking for left key
Key available
Waiting for sensor to settle
Checking for right key
Key available
Waiting for sensor to settle
Checking for left key
Key available
Waiting for sensor to settle
Checking for right key
Key available
Waiting for sensor to settle
Checking for left key
Key available
Waiting for sensor to settle
Checking for right key
Key available
Waiting for sensor to settle
Checking for left key
Key available
Waiting for sensor to settle
Checking for right key
Key available
Waiting for sensor to settle
Checking for left key
Key available
Waiting for sensor to settle
Checking for right key
Key available
Waiting for sensor to settle
Checking for left key
Key available
Waiting for sensor to settle
Checking for right key
Key available
Waiting for sensor to settle
Checking for left key
Key available
Waiting for sensor to settle
Checking for right key
Key available
Waiting for sensor to settle
ending read loop
Traceback (most recent call last):
  File "./key_sensor.py", line 83, in <module>
    read_loop()
  File "./key_sensor.py", line 57, in read_loop
    GPIO.output(TRIG, True)
RuntimeError: Please set pin numbering mode using GPIO.setmode(GPIO.BOARD) or GPIO.setmode(GPIO.BCM)
